<?xml version="1.0" encoding="UTF-8"?>
<robot generator="Robot 6.1.1 (Python 3.10.8 on win32)" generated="20230818 09:52:22.255" rpa="false" schemaversion="4">
<suite id="s1" name="Preenchimento Incorreto" source="D:\Estudos\AluraRobotFramework\curso-robot\aula_3\preenchimento_incorreto.robot">
<test id="s1-t1" name="Verificar quando um campo obrigatório não for preenchido corretamente o sistema exibe uma mensagem de campo obrigatório" line="12">
<kw name="Dado que eu acesse o Organo" library="setup_teardown" type="SETUP">
<kw name="Open Browser" library="SeleniumLibrary">
<arg>url=http://localhost:3000/</arg>
<arg>browser=Chrome</arg>
<doc>Opens a new browser instance to the optional ``url``.</doc>
<msg timestamp="20230818 09:52:22.416" level="INFO">Opening browser 'Chrome' to base url 'http://localhost:3000/'.</msg>
<status status="PASS" starttime="20230818 09:52:22.416" endtime="20230818 09:52:23.963"/>
</kw>
<status status="PASS" starttime="20230818 09:52:22.416" endtime="20230818 09:52:23.963"/>
</kw>
<kw name="Dado que eu clique no botão criar card">
<kw name="Click Element" library="SeleniumLibrary">
<arg>${CAMPO_CRIAR}</arg>
<doc>Click the element identified by ``locator``.</doc>
<msg timestamp="20230818 09:52:23.964" level="INFO">Clicking element 'id:form-botao'.</msg>
<status status="PASS" starttime="20230818 09:52:23.964" endtime="20230818 09:52:24.020"/>
</kw>
<status status="PASS" starttime="20230818 09:52:23.963" endtime="20230818 09:52:24.020"/>
</kw>
<kw name="Então o sistema deve apresentar mensagem de campo obrigatório">
<kw name="Element Should Be Visible" library="SeleniumLibrary">
<arg>id:form-nome-erro</arg>
<doc>Verifies that the element identified by ``locator`` is visible.</doc>
<msg timestamp="20230818 09:52:24.045" level="INFO">Element 'id:form-nome-erro' is displayed.</msg>
<status status="PASS" starttime="20230818 09:52:24.021" endtime="20230818 09:52:24.045"/>
</kw>
<kw name="Element Should Be Visible" library="SeleniumLibrary">
<arg>id:form-cargo-erro</arg>
<doc>Verifies that the element identified by ``locator`` is visible.</doc>
<msg timestamp="20230818 09:52:24.063" level="INFO">Element 'id:form-cargo-erro' is displayed.</msg>
<status status="PASS" starttime="20230818 09:52:24.045" endtime="20230818 09:52:24.063"/>
</kw>
<kw name="Element Should Be Visible" library="SeleniumLibrary">
<arg>id:form-times-erro</arg>
<doc>Verifies that the element identified by ``locator`` is visible.</doc>
<msg timestamp="20230818 09:52:24.078" level="INFO">Element 'id:form-times-erro' is displayed.</msg>
<status status="PASS" starttime="20230818 09:52:24.063" endtime="20230818 09:52:24.078"/>
</kw>
<status status="PASS" starttime="20230818 09:52:24.020" endtime="20230818 09:52:24.078"/>
</kw>
<kw name="Fechar o navegador" library="setup_teardown" type="TEARDOWN">
<kw name="Close Browser" library="SeleniumLibrary">
<doc>Closes the current browser.</doc>
<status status="PASS" starttime="20230818 09:52:24.080" endtime="20230818 09:52:26.188"/>
</kw>
<status status="PASS" starttime="20230818 09:52:24.079" endtime="20230818 09:52:26.189"/>
</kw>
<status status="PASS" starttime="20230818 09:52:22.415" endtime="20230818 09:52:26.189"/>
</test>
<status status="PASS" starttime="20230818 09:52:22.256" endtime="20230818 09:52:26.190"/>
</suite>
<statistics>
<total>
<stat pass="1" fail="0" skip="0">All Tests</stat>
</total>
<tag>
</tag>
<suite>
<stat pass="1" fail="0" skip="0" id="s1" name="Preenchimento Incorreto">Preenchimento Incorreto</stat>
</suite>
</statistics>
<errors>
</errors>
</robot>
